mode: set
github.com/user/grafana-analytics-app/internal/repository/attribute.go:10.62,10.90 1 1
github.com/user/grafana-analytics-app/internal/repository/attribute.go:11.57,11.91 1 1
github.com/user/grafana-analytics-app/internal/repository/customer.go:18.60,20.2 1 1
github.com/user/grafana-analytics-app/internal/repository/customer.go:22.68,25.16 3 1
github.com/user/grafana-analytics-app/internal/repository/customer.go:25.16,27.3 1 1
github.com/user/grafana-analytics-app/internal/repository/customer.go:28.2,28.19 1 1
github.com/user/grafana-analytics-app/internal/repository/customer.go:31.64,33.2 1 1
github.com/user/grafana-analytics-app/internal/repository/customer.go:35.65,37.2 1 1
github.com/user/grafana-analytics-app/internal/repository/inventorylog.go:10.68,10.98 1 1
github.com/user/grafana-analytics-app/internal/repository/inventorylog.go:11.61,11.94 1 1
github.com/user/grafana-analytics-app/internal/repository/order.go:19.54,21.2 1 1
github.com/user/grafana-analytics-app/internal/repository/order.go:24.66,26.2 1 1
github.com/user/grafana-analytics-app/internal/repository/order.go:29.83,36.2 3 1
github.com/user/grafana-analytics-app/internal/repository/orderitem.go:10.62,10.95 1 1
github.com/user/grafana-analytics-app/internal/repository/orderitem.go:11.62,11.96 1 1
github.com/user/grafana-analytics-app/internal/repository/payment.go:13.58,13.89 1 1
github.com/user/grafana-analytics-app/internal/repository/payment.go:14.61,14.98 1 1
github.com/user/grafana-analytics-app/internal/repository/payment.go:15.76,19.2 3 1
github.com/user/grafana-analytics-app/internal/repository/product.go:18.58,20.2 1 1
github.com/user/grafana-analytics-app/internal/repository/product.go:22.66,25.16 3 1
github.com/user/grafana-analytics-app/internal/repository/product.go:25.16,27.3 1 1
github.com/user/grafana-analytics-app/internal/repository/product.go:28.2,28.22 1 1
github.com/user/grafana-analytics-app/internal/repository/product.go:31.61,33.2 1 1
github.com/user/grafana-analytics-app/internal/repository/product.go:35.64,37.2 1 1
github.com/user/grafana-analytics-app/internal/repository/promotion.go:15.62,15.95 1 1
github.com/user/grafana-analytics-app/internal/repository/promotion.go:17.63,19.2 1 1
github.com/user/grafana-analytics-app/internal/repository/promotion.go:20.76,24.2 3 1
github.com/user/grafana-analytics-app/internal/repository/refund.go:10.56,10.86 1 1
github.com/user/grafana-analytics-app/internal/repository/refund.go:11.58,11.94 1 1
github.com/user/grafana-analytics-app/internal/repository/review.go:10.56,10.86 1 1
github.com/user/grafana-analytics-app/internal/repository/review.go:11.58,11.94 1 1
github.com/user/grafana-analytics-app/internal/repository/shipping.go:10.60,10.92 1 1
github.com/user/grafana-analytics-app/internal/repository/shipping.go:11.64,11.102 1 1
github.com/user/grafana-analytics-app/internal/repository/store.go:19.54,21.2 1 1
github.com/user/grafana-analytics-app/internal/repository/store.go:23.62,26.16 3 1
github.com/user/grafana-analytics-app/internal/repository/store.go:26.16,28.3 1 1
github.com/user/grafana-analytics-app/internal/repository/store.go:29.2,29.20 1 1
github.com/user/grafana-analytics-app/internal/repository/store.go:32.55,34.2 1 1
github.com/user/grafana-analytics-app/internal/repository/store.go:36.75,40.2 3 1
github.com/user/grafana-analytics-app/internal/repository/store.go:42.57,44.2 1 1
github.com/user/grafana-analytics-app/internal/repository/attribute.go:10.62,10.90 1 0
github.com/user/grafana-analytics-app/internal/repository/attribute.go:11.57,11.91 1 0
github.com/user/grafana-analytics-app/internal/repository/customer.go:18.60,20.2 1 0
github.com/user/grafana-analytics-app/internal/repository/customer.go:22.68,25.16 3 0
github.com/user/grafana-analytics-app/internal/repository/customer.go:25.16,27.3 1 0
github.com/user/grafana-analytics-app/internal/repository/customer.go:28.2,28.19 1 0
github.com/user/grafana-analytics-app/internal/repository/customer.go:31.64,33.2 1 0
github.com/user/grafana-analytics-app/internal/repository/customer.go:35.65,37.2 1 0
github.com/user/grafana-analytics-app/internal/repository/inventorylog.go:10.68,10.98 1 0
github.com/user/grafana-analytics-app/internal/repository/inventorylog.go:11.61,11.94 1 0
github.com/user/grafana-analytics-app/internal/repository/order.go:19.54,21.2 1 0
github.com/user/grafana-analytics-app/internal/repository/order.go:24.66,26.2 1 0
github.com/user/grafana-analytics-app/internal/repository/order.go:29.83,36.2 3 0
github.com/user/grafana-analytics-app/internal/repository/orderitem.go:10.62,10.95 1 0
github.com/user/grafana-analytics-app/internal/repository/orderitem.go:11.62,11.96 1 0
github.com/user/grafana-analytics-app/internal/repository/payment.go:13.58,13.89 1 0
github.com/user/grafana-analytics-app/internal/repository/payment.go:14.61,14.98 1 0
github.com/user/grafana-analytics-app/internal/repository/payment.go:15.76,19.2 3 0
github.com/user/grafana-analytics-app/internal/repository/product.go:18.58,20.2 1 0
github.com/user/grafana-analytics-app/internal/repository/product.go:22.66,25.16 3 0
github.com/user/grafana-analytics-app/internal/repository/product.go:25.16,27.3 1 0
github.com/user/grafana-analytics-app/internal/repository/product.go:28.2,28.22 1 0
github.com/user/grafana-analytics-app/internal/repository/product.go:31.61,33.2 1 0
github.com/user/grafana-analytics-app/internal/repository/product.go:35.64,37.2 1 0
github.com/user/grafana-analytics-app/internal/repository/promotion.go:15.62,15.95 1 0
github.com/user/grafana-analytics-app/internal/repository/promotion.go:17.63,19.2 1 0
github.com/user/grafana-analytics-app/internal/repository/promotion.go:20.76,24.2 3 0
github.com/user/grafana-analytics-app/internal/repository/refund.go:10.56,10.86 1 0
github.com/user/grafana-analytics-app/internal/repository/refund.go:11.58,11.94 1 0
github.com/user/grafana-analytics-app/internal/repository/review.go:10.56,10.86 1 0
github.com/user/grafana-analytics-app/internal/repository/review.go:11.58,11.94 1 0
github.com/user/grafana-analytics-app/internal/repository/shipping.go:10.60,10.92 1 0
github.com/user/grafana-analytics-app/internal/repository/shipping.go:11.64,11.102 1 0
github.com/user/grafana-analytics-app/internal/repository/store.go:19.54,21.2 1 0
github.com/user/grafana-analytics-app/internal/repository/store.go:23.62,26.16 3 0
github.com/user/grafana-analytics-app/internal/repository/store.go:26.16,28.3 1 0
github.com/user/grafana-analytics-app/internal/repository/store.go:29.2,29.20 1 0
github.com/user/grafana-analytics-app/internal/repository/store.go:32.55,34.2 1 0
github.com/user/grafana-analytics-app/internal/repository/store.go:36.75,40.2 3 0
github.com/user/grafana-analytics-app/internal/repository/store.go:42.57,44.2 1 0
github.com/user/grafana-analytics-app/internal/service/attribute.go:11.80,11.109 1 1
github.com/user/grafana-analytics-app/internal/service/attribute.go:12.98,13.33 1 1
github.com/user/grafana-analytics-app/internal/service/attribute.go:13.33,13.80 1 1
github.com/user/grafana-analytics-app/internal/service/attribute.go:14.2,15.34 2 1
github.com/user/grafana-analytics-app/internal/service/customer.go:21.77,23.2 1 1
github.com/user/grafana-analytics-app/internal/service/customer.go:25.99,26.31 1 1
github.com/user/grafana-analytics-app/internal/service/customer.go:26.31,28.3 1 1
github.com/user/grafana-analytics-app/internal/service/customer.go:30.2,40.16 3 1
github.com/user/grafana-analytics-app/internal/service/customer.go:40.16,42.3 1 1
github.com/user/grafana-analytics-app/internal/service/customer.go:43.2,43.18 1 1
github.com/user/grafana-analytics-app/internal/service/customer.go:46.69,47.17 1 1
github.com/user/grafana-analytics-app/internal/service/customer.go:47.17,49.3 1 1
github.com/user/grafana-analytics-app/internal/service/customer.go:50.2,50.41 1 1
github.com/user/grafana-analytics-app/internal/service/customer.go:53.74,54.13 1 1
github.com/user/grafana-analytics-app/internal/service/customer.go:54.13,56.3 1 1
github.com/user/grafana-analytics-app/internal/service/customer.go:57.2,57.28 1 1
github.com/user/grafana-analytics-app/internal/service/inventorylog.go:12.89,12.120 1 1
github.com/user/grafana-analytics-app/internal/service/inventorylog.go:13.105,14.20 1 1
github.com/user/grafana-analytics-app/internal/service/inventorylog.go:14.20,14.65 1 1
github.com/user/grafana-analytics-app/internal/service/inventorylog.go:15.2,16.32 2 1
github.com/user/grafana-analytics-app/internal/service/order.go:31.68,33.2 1 1
github.com/user/grafana-analytics-app/internal/service/order.go:36.85,37.45 1 1
github.com/user/grafana-analytics-app/internal/service/order.go:37.45,39.3 1 1
github.com/user/grafana-analytics-app/internal/service/order.go:40.2,40.21 1 1
github.com/user/grafana-analytics-app/internal/service/order.go:40.21,42.3 1 1
github.com/user/grafana-analytics-app/internal/service/order.go:43.2,43.22 1 1
github.com/user/grafana-analytics-app/internal/service/order.go:43.22,45.3 1 1
github.com/user/grafana-analytics-app/internal/service/order.go:47.2,59.16 3 1
github.com/user/grafana-analytics-app/internal/service/order.go:59.16,61.3 1 1
github.com/user/grafana-analytics-app/internal/service/order.go:63.2,63.19 1 1
github.com/user/grafana-analytics-app/internal/service/order.go:67.65,69.2 1 1
github.com/user/grafana-analytics-app/internal/service/orderitem.go:11.80,11.110 1 1
github.com/user/grafana-analytics-app/internal/service/orderitem.go:12.115,13.14 1 1
github.com/user/grafana-analytics-app/internal/service/orderitem.go:13.14,13.60 1 1
github.com/user/grafana-analytics-app/internal/service/orderitem.go:14.2,15.34 2 1
github.com/user/grafana-analytics-app/internal/service/payment.go:14.74,14.106 1 1
github.com/user/grafana-analytics-app/internal/service/payment.go:15.95,16.34 1 1
github.com/user/grafana-analytics-app/internal/service/payment.go:16.34,18.3 1 1
github.com/user/grafana-analytics-app/internal/service/payment.go:19.2,26.21 3 1
github.com/user/grafana-analytics-app/internal/service/product.go:19.74,21.2 1 1
github.com/user/grafana-analytics-app/internal/service/product.go:23.117,24.30 1 1
github.com/user/grafana-analytics-app/internal/service/product.go:24.30,26.3 1 1
github.com/user/grafana-analytics-app/internal/service/product.go:28.2,37.16 3 1
github.com/user/grafana-analytics-app/internal/service/product.go:37.16,39.3 1 1
github.com/user/grafana-analytics-app/internal/service/product.go:40.2,40.18 1 1
github.com/user/grafana-analytics-app/internal/service/product.go:43.65,45.2 1 1
github.com/user/grafana-analytics-app/internal/service/product.go:47.71,49.2 1 1
github.com/user/grafana-analytics-app/internal/service/promotion.go:19.80,21.2 1 1
github.com/user/grafana-analytics-app/internal/service/promotion.go:23.113,24.33 1 1
github.com/user/grafana-analytics-app/internal/service/promotion.go:24.33,26.3 1 1
github.com/user/grafana-analytics-app/internal/service/promotion.go:27.2,33.19 3 1
github.com/user/grafana-analytics-app/internal/service/promotion.go:36.83,38.2 1 1
github.com/user/grafana-analytics-app/internal/service/refund.go:12.71,12.102 1 1
github.com/user/grafana-analytics-app/internal/service/refund.go:13.108,14.33 1 1
github.com/user/grafana-analytics-app/internal/service/refund.go:14.33,14.82 1 1
github.com/user/grafana-analytics-app/internal/service/refund.go:15.2,16.32 2 1
github.com/user/grafana-analytics-app/internal/service/review.go:12.71,12.102 1 1
github.com/user/grafana-analytics-app/internal/service/review.go:13.117,14.30 1 1
github.com/user/grafana-analytics-app/internal/service/review.go:14.30,14.74 1 1
github.com/user/grafana-analytics-app/internal/service/review.go:15.2,16.32 2 1
github.com/user/grafana-analytics-app/internal/service/shipping.go:11.77,11.110 1 1
github.com/user/grafana-analytics-app/internal/service/shipping.go:12.113,13.35 1 1
github.com/user/grafana-analytics-app/internal/service/shipping.go:13.35,13.81 1 1
github.com/user/grafana-analytics-app/internal/service/shipping.go:14.2,16.16 3 1
github.com/user/grafana-analytics-app/internal/service/store.go:20.68,22.2 1 1
github.com/user/grafana-analytics-app/internal/service/store.go:24.99,25.34 1 1
github.com/user/grafana-analytics-app/internal/service/store.go:25.34,27.3 1 1
github.com/user/grafana-analytics-app/internal/service/store.go:29.2,36.16 3 1
github.com/user/grafana-analytics-app/internal/service/store.go:36.16,38.3 1 1
github.com/user/grafana-analytics-app/internal/service/store.go:39.2,39.19 1 1
github.com/user/grafana-analytics-app/internal/service/store.go:42.90,43.30 1 1
github.com/user/grafana-analytics-app/internal/service/store.go:43.30,45.3 1 1
github.com/user/grafana-analytics-app/internal/service/store.go:47.2,48.16 2 1
github.com/user/grafana-analytics-app/internal/service/store.go:48.16,50.3 1 1
github.com/user/grafana-analytics-app/internal/service/store.go:52.2,59.16 3 1
github.com/user/grafana-analytics-app/internal/service/store.go:59.16,61.3 1 1
github.com/user/grafana-analytics-app/internal/service/store.go:62.2,62.19 1 1
github.com/user/grafana-analytics-app/internal/service/store.go:65.93,67.16 2 1
github.com/user/grafana-analytics-app/internal/service/store.go:67.16,69.3 1 1
github.com/user/grafana-analytics-app/internal/service/store.go:71.2,72.26 2 1
github.com/user/grafana-analytics-app/internal/handler/customer.go:15.71,17.2 1 1
github.com/user/grafana-analytics-app/internal/handler/customer.go:25.58,27.47 2 1
github.com/user/grafana-analytics-app/internal/handler/customer.go:27.47,30.3 2 1
github.com/user/grafana-analytics-app/internal/handler/customer.go:32.2,33.16 2 1
github.com/user/grafana-analytics-app/internal/handler/customer.go:33.16,36.3 2 1
github.com/user/grafana-analytics-app/internal/handler/customer.go:38.2,38.87 1 1
github.com/user/grafana-analytics-app/internal/handler/customer.go:45.56,48.16 3 1
github.com/user/grafana-analytics-app/internal/handler/customer.go:48.16,51.3 2 1
github.com/user/grafana-analytics-app/internal/handler/customer.go:53.2,54.47 2 1
github.com/user/grafana-analytics-app/internal/handler/customer.go:54.47,57.3 2 1
github.com/user/grafana-analytics-app/internal/handler/customer.go:59.2,60.16 2 1
github.com/user/grafana-analytics-app/internal/handler/customer.go:60.16,63.3 2 1
github.com/user/grafana-analytics-app/internal/handler/customer.go:65.2,65.62 1 1
github.com/user/grafana-analytics-app/internal/handler/order.go:19.124,25.2 1 1
github.com/user/grafana-analytics-app/internal/handler/order.go:28.59,30.47 2 1
github.com/user/grafana-analytics-app/internal/handler/order.go:30.47,33.3 2 1
github.com/user/grafana-analytics-app/internal/handler/order.go:35.2,36.16 2 1
github.com/user/grafana-analytics-app/internal/handler/order.go:36.16,39.3 2 1
github.com/user/grafana-analytics-app/internal/handler/order.go:42.2,52.4 5 1
github.com/user/grafana-analytics-app/internal/handler/payment.go:10.68,10.99 1 1
github.com/user/grafana-analytics-app/internal/handler/payment.go:17.63,19.47 2 1
github.com/user/grafana-analytics-app/internal/handler/payment.go:19.47,22.3 2 1
github.com/user/grafana-analytics-app/internal/handler/payment.go:23.2,24.16 2 1
github.com/user/grafana-analytics-app/internal/handler/payment.go:24.16,27.3 2 1
github.com/user/grafana-analytics-app/internal/handler/payment.go:28.2,28.55 1 1
github.com/user/grafana-analytics-app/internal/handler/product.go:14.68,16.2 1 1
github.com/user/grafana-analytics-app/internal/handler/product.go:26.59,28.47 2 1
github.com/user/grafana-analytics-app/internal/handler/product.go:28.47,31.3 2 1
github.com/user/grafana-analytics-app/internal/handler/product.go:33.2,34.16 2 1
github.com/user/grafana-analytics-app/internal/handler/product.go:34.16,37.3 2 1
github.com/user/grafana-analytics-app/internal/handler/product.go:39.2,39.52 1 1
github.com/user/grafana-analytics-app/internal/handler/promotion.go:10.74,10.107 1 1
github.com/user/grafana-analytics-app/internal/handler/promotion.go:18.62,20.47 2 1
github.com/user/grafana-analytics-app/internal/handler/promotion.go:20.47,23.3 2 1
github.com/user/grafana-analytics-app/internal/handler/promotion.go:24.2,25.16 2 1
github.com/user/grafana-analytics-app/internal/handler/promotion.go:25.16,28.3 2 1
github.com/user/grafana-analytics-app/internal/handler/promotion.go:29.2,29.55 1 1
github.com/user/grafana-analytics-app/internal/handler/store.go:14.62,16.2 1 1
github.com/user/grafana-analytics-app/internal/handler/store.go:24.58,26.47 2 1
github.com/user/grafana-analytics-app/internal/handler/store.go:26.47,29.3 2 1
github.com/user/grafana-analytics-app/internal/handler/store.go:31.2,32.16 2 1
github.com/user/grafana-analytics-app/internal/handler/store.go:32.16,35.3 2 1
github.com/user/grafana-analytics-app/internal/handler/store.go:37.2,37.51 1 1
github.com/user/grafana-analytics-app/internal/repository/attribute.go:10.62,10.90 1 0
github.com/user/grafana-analytics-app/internal/repository/attribute.go:11.57,11.91 1 0
github.com/user/grafana-analytics-app/internal/repository/customer.go:18.60,20.2 1 0
github.com/user/grafana-analytics-app/internal/repository/customer.go:22.68,25.16 3 0
github.com/user/grafana-analytics-app/internal/repository/customer.go:25.16,27.3 1 0
github.com/user/grafana-analytics-app/internal/repository/customer.go:28.2,28.19 1 0
github.com/user/grafana-analytics-app/internal/repository/customer.go:31.64,33.2 1 0
github.com/user/grafana-analytics-app/internal/repository/customer.go:35.65,37.2 1 0
github.com/user/grafana-analytics-app/internal/repository/inventorylog.go:10.68,10.98 1 0
github.com/user/grafana-analytics-app/internal/repository/inventorylog.go:11.61,11.94 1 0
github.com/user/grafana-analytics-app/internal/repository/order.go:19.54,21.2 1 0
github.com/user/grafana-analytics-app/internal/repository/order.go:24.66,26.2 1 0
github.com/user/grafana-analytics-app/internal/repository/order.go:29.83,36.2 3 0
github.com/user/grafana-analytics-app/internal/repository/orderitem.go:10.62,10.95 1 0
github.com/user/grafana-analytics-app/internal/repository/orderitem.go:11.62,11.96 1 0
github.com/user/grafana-analytics-app/internal/repository/payment.go:13.58,13.89 1 0
github.com/user/grafana-analytics-app/internal/repository/payment.go:14.61,14.98 1 0
github.com/user/grafana-analytics-app/internal/repository/payment.go:15.76,19.2 3 0
github.com/user/grafana-analytics-app/internal/repository/product.go:18.58,20.2 1 0
github.com/user/grafana-analytics-app/internal/repository/product.go:22.66,25.16 3 0
github.com/user/grafana-analytics-app/internal/repository/product.go:25.16,27.3 1 0
github.com/user/grafana-analytics-app/internal/repository/product.go:28.2,28.22 1 0
github.com/user/grafana-analytics-app/internal/repository/product.go:31.61,33.2 1 0
github.com/user/grafana-analytics-app/internal/repository/product.go:35.64,37.2 1 0
github.com/user/grafana-analytics-app/internal/repository/promotion.go:15.62,15.95 1 0
github.com/user/grafana-analytics-app/internal/repository/promotion.go:17.63,19.2 1 0
github.com/user/grafana-analytics-app/internal/repository/promotion.go:20.76,24.2 3 0
github.com/user/grafana-analytics-app/internal/repository/refund.go:10.56,10.86 1 0
github.com/user/grafana-analytics-app/internal/repository/refund.go:11.58,11.94 1 0
github.com/user/grafana-analytics-app/internal/repository/review.go:10.56,10.86 1 0
github.com/user/grafana-analytics-app/internal/repository/review.go:11.58,11.94 1 0
github.com/user/grafana-analytics-app/internal/repository/shipping.go:10.60,10.92 1 0
github.com/user/grafana-analytics-app/internal/repository/shipping.go:11.64,11.102 1 0
github.com/user/grafana-analytics-app/internal/repository/store.go:19.54,21.2 1 0
github.com/user/grafana-analytics-app/internal/repository/store.go:23.62,26.16 3 0
github.com/user/grafana-analytics-app/internal/repository/store.go:26.16,28.3 1 0
github.com/user/grafana-analytics-app/internal/repository/store.go:29.2,29.20 1 0
github.com/user/grafana-analytics-app/internal/repository/store.go:32.55,34.2 1 0
github.com/user/grafana-analytics-app/internal/repository/store.go:36.75,40.2 3 0
github.com/user/grafana-analytics-app/internal/repository/store.go:42.57,44.2 1 0
github.com/user/grafana-analytics-app/internal/service/attribute.go:11.80,11.109 1 0
github.com/user/grafana-analytics-app/internal/service/attribute.go:12.98,13.33 1 0
github.com/user/grafana-analytics-app/internal/service/attribute.go:13.33,13.80 1 0
github.com/user/grafana-analytics-app/internal/service/attribute.go:14.2,15.34 2 0
github.com/user/grafana-analytics-app/internal/service/customer.go:21.77,23.2 1 0
github.com/user/grafana-analytics-app/internal/service/customer.go:25.99,26.31 1 0
github.com/user/grafana-analytics-app/internal/service/customer.go:26.31,28.3 1 0
github.com/user/grafana-analytics-app/internal/service/customer.go:30.2,40.16 3 0
github.com/user/grafana-analytics-app/internal/service/customer.go:40.16,42.3 1 0
github.com/user/grafana-analytics-app/internal/service/customer.go:43.2,43.18 1 0
github.com/user/grafana-analytics-app/internal/service/customer.go:46.69,47.17 1 0
github.com/user/grafana-analytics-app/internal/service/customer.go:47.17,49.3 1 0
github.com/user/grafana-analytics-app/internal/service/customer.go:50.2,50.41 1 0
github.com/user/grafana-analytics-app/internal/service/customer.go:53.74,54.13 1 0
github.com/user/grafana-analytics-app/internal/service/customer.go:54.13,56.3 1 0
github.com/user/grafana-analytics-app/internal/service/customer.go:57.2,57.28 1 0
github.com/user/grafana-analytics-app/internal/service/inventorylog.go:12.89,12.120 1 0
github.com/user/grafana-analytics-app/internal/service/inventorylog.go:13.105,14.20 1 0
github.com/user/grafana-analytics-app/internal/service/inventorylog.go:14.20,14.65 1 0
github.com/user/grafana-analytics-app/internal/service/inventorylog.go:15.2,16.32 2 0
github.com/user/grafana-analytics-app/internal/service/order.go:31.68,33.2 1 0
github.com/user/grafana-analytics-app/internal/service/order.go:36.85,37.45 1 0
github.com/user/grafana-analytics-app/internal/service/order.go:37.45,39.3 1 0
github.com/user/grafana-analytics-app/internal/service/order.go:40.2,40.21 1 0
github.com/user/grafana-analytics-app/internal/service/order.go:40.21,42.3 1 0
github.com/user/grafana-analytics-app/internal/service/order.go:43.2,43.22 1 0
github.com/user/grafana-analytics-app/internal/service/order.go:43.22,45.3 1 0
github.com/user/grafana-analytics-app/internal/service/order.go:47.2,59.16 3 0
github.com/user/grafana-analytics-app/internal/service/order.go:59.16,61.3 1 0
github.com/user/grafana-analytics-app/internal/service/order.go:63.2,63.19 1 0
github.com/user/grafana-analytics-app/internal/service/order.go:67.65,69.2 1 0
github.com/user/grafana-analytics-app/internal/service/orderitem.go:11.80,11.110 1 0
github.com/user/grafana-analytics-app/internal/service/orderitem.go:12.115,13.14 1 0
github.com/user/grafana-analytics-app/internal/service/orderitem.go:13.14,13.60 1 0
github.com/user/grafana-analytics-app/internal/service/orderitem.go:14.2,15.34 2 0
github.com/user/grafana-analytics-app/internal/service/payment.go:14.74,14.106 1 0
github.com/user/grafana-analytics-app/internal/service/payment.go:15.95,16.34 1 0
github.com/user/grafana-analytics-app/internal/service/payment.go:16.34,18.3 1 0
github.com/user/grafana-analytics-app/internal/service/payment.go:19.2,26.21 3 0
github.com/user/grafana-analytics-app/internal/service/product.go:19.74,21.2 1 0
github.com/user/grafana-analytics-app/internal/service/product.go:23.117,24.30 1 0
github.com/user/grafana-analytics-app/internal/service/product.go:24.30,26.3 1 0
github.com/user/grafana-analytics-app/internal/service/product.go:28.2,37.16 3 0
github.com/user/grafana-analytics-app/internal/service/product.go:37.16,39.3 1 0
github.com/user/grafana-analytics-app/internal/service/product.go:40.2,40.18 1 0
github.com/user/grafana-analytics-app/internal/service/product.go:43.65,45.2 1 0
github.com/user/grafana-analytics-app/internal/service/product.go:47.71,49.2 1 0
github.com/user/grafana-analytics-app/internal/service/promotion.go:19.80,21.2 1 0
github.com/user/grafana-analytics-app/internal/service/promotion.go:23.113,24.33 1 0
github.com/user/grafana-analytics-app/internal/service/promotion.go:24.33,26.3 1 0
github.com/user/grafana-analytics-app/internal/service/promotion.go:27.2,33.19 3 0
github.com/user/grafana-analytics-app/internal/service/promotion.go:36.83,38.2 1 0
github.com/user/grafana-analytics-app/internal/service/refund.go:12.71,12.102 1 0
github.com/user/grafana-analytics-app/internal/service/refund.go:13.108,14.33 1 0
github.com/user/grafana-analytics-app/internal/service/refund.go:14.33,14.82 1 0
github.com/user/grafana-analytics-app/internal/service/refund.go:15.2,16.32 2 0
github.com/user/grafana-analytics-app/internal/service/review.go:12.71,12.102 1 0
github.com/user/grafana-analytics-app/internal/service/review.go:13.117,14.30 1 0
github.com/user/grafana-analytics-app/internal/service/review.go:14.30,14.74 1 0
github.com/user/grafana-analytics-app/internal/service/review.go:15.2,16.32 2 0
github.com/user/grafana-analytics-app/internal/service/shipping.go:11.77,11.110 1 0
github.com/user/grafana-analytics-app/internal/service/shipping.go:12.113,13.35 1 0
github.com/user/grafana-analytics-app/internal/service/shipping.go:13.35,13.81 1 0
github.com/user/grafana-analytics-app/internal/service/shipping.go:14.2,16.16 3 0
github.com/user/grafana-analytics-app/internal/service/store.go:20.68,22.2 1 0
github.com/user/grafana-analytics-app/internal/service/store.go:24.99,25.34 1 0
github.com/user/grafana-analytics-app/internal/service/store.go:25.34,27.3 1 0
github.com/user/grafana-analytics-app/internal/service/store.go:29.2,36.16 3 0
github.com/user/grafana-analytics-app/internal/service/store.go:36.16,38.3 1 0
github.com/user/grafana-analytics-app/internal/service/store.go:39.2,39.19 1 0
github.com/user/grafana-analytics-app/internal/service/store.go:42.90,43.30 1 0
github.com/user/grafana-analytics-app/internal/service/store.go:43.30,45.3 1 0
github.com/user/grafana-analytics-app/internal/service/store.go:47.2,48.16 2 0
github.com/user/grafana-analytics-app/internal/service/store.go:48.16,50.3 1 0
github.com/user/grafana-analytics-app/internal/service/store.go:52.2,59.16 3 0
github.com/user/grafana-analytics-app/internal/service/store.go:59.16,61.3 1 0
github.com/user/grafana-analytics-app/internal/service/store.go:62.2,62.19 1 0
github.com/user/grafana-analytics-app/internal/service/store.go:65.93,67.16 2 0
github.com/user/grafana-analytics-app/internal/service/store.go:67.16,69.3 1 0
github.com/user/grafana-analytics-app/internal/service/store.go:71.2,72.26 2 0
